<?xml version="1.0" encoding="UTF-8"?>
<testsuite xmlns:xsi="http://www.w3.org/2001/XMLSchema-instance" xsi:noNamespaceSchemaLocation="https://maven.apache.org/surefire/maven-surefire-plugin/xsd/surefire-test-report-3.0.xsd" version="3.0" name="kryptografia.AESTest" time="0.049" tests="7" errors="0" skipped="0" failures="0">
  <properties>
[...]
</properties>
  <testcase name="reverseKeyTest" classname="kryptografia.AESTest" time="0.019">
    <system-out><![CDATA[[[63, 63, 63, 63], [63, 63, 63, 63], [63, 63, 63, 63], [116, 117, 117, 117], [75, 74, 74, 74], [116, 117, 117, 117], [63, 63, 63, 63], [97, 99, 99, 99], [42, 41, 41, 41], [94, 92, 92, 92], [0, 0, 0, 0], [103, 99, 99, 99], [77, 74, 74, 74], [19, 22, 22, 22], [116, 117, 117, 117], [107, 99, 99, 99], [38, 41, 41, 41], [53, 63, 63, 63], [42, 41, 41, 41], [115, 99, 99, 99], [85, 74, 74, 74], [96, 117, 117, 117], [57, 63, 63, 63], [67, 99, 99, 99], [22, 41, 41, 41], [118, 92, 92, 92], [12, 0, 0, 0], [35, 99, 99, 99], [53, 74, 74, 74], [67, 22, 22, 22], [108, 117, 117, 117], [-29, 99, 99, 99], [-42, 41, 41, 41], [-107, 63, 63, 63], [26, 41, 41, 41], [99, 99, 99, 99], [-75, 74, 74, 74], [32, 117, 117, 117], [89, 63, 63, 63], [99, 99, 99, 99], [-42, 41, 41, 41], [-10, 92, 92, 92], [-52, 0, 0, 0], [0, 0, 0, 0]]
[[-42, 41, 41, 41], [-10, 92, 92, 92], [-52, 0, 0, 0], [0, 0, 0, 0], [-75, 74, 74, 74], [32, 117, 117, 117], [89, 63, 63, 63], [99, 99, 99, 99], [-42, 41, 41, 41], [-107, 63, 63, 63], [26, 41, 41, 41], [99, 99, 99, 99], [53, 74, 74, 74], [67, 22, 22, 22], [108, 117, 117, 117], [-29, 99, 99, 99], [22, 41, 41, 41], [118, 92, 92, 92], [12, 0, 0, 0], [35, 99, 99, 99], [85, 74, 74, 74], [96, 117, 117, 117], [57, 63, 63, 63], [67, 99, 99, 99], [38, 41, 41, 41], [53, 63, 63, 63], [42, 41, 41, 41], [115, 99, 99, 99], [77, 74, 74, 74], [19, 22, 22, 22], [116, 117, 117, 117], [107, 99, 99, 99], [42, 41, 41, 41], [94, 92, 92, 92], [0, 0, 0, 0], [103, 99, 99, 99], [75, 74, 74, 74], [116, 117, 117, 117], [63, 63, 63, 63], [97, 99, 99, 99], [63, 63, 63, 63], [63, 63, 63, 63], [63, 63, 63, 63], [116, 117, 117, 117]]
]]></system-out>
  </testcase>
  <testcase name="shiftRowsTest" classname="kryptografia.AESTest" time="0.003">
    <system-out><![CDATA[[0, 5, 10, 15, 4, 9, 14, 3, 8, 13, 2, 7, 12, 1, 6, 11]
]]></system-out>
  </testcase>
  <testcase name="shiftArrayRightTest" classname="kryptografia.AESTest" time="0">
    <system-out><![CDATA[[3, 0, 1, 2]
[2, 3, 0, 1]
[1, 2, 3, 0]
]]></system-out>
  </testcase>
  <testcase name="decryptTest" classname="kryptografia.AESTest" time="0.002">
    <system-out><![CDATA[[0, 1, 2, 3, 4, 5, 6, 7, 8, 9, 10, 11, 12, 13, 14, 15]
[-119, -49, 47, 71, 124, 119, -82, -69, 102, 21, 36, -27, 86, 30, 12, -78]
DECRYPTION:
[0, 1, 2, 3, 4, 5, 6, 7, 8, 9, 10, 11, 12, 13, 14, 15]
]]></system-out>
  </testcase>
  <testcase name="encryptTest" classname="kryptografia.AESTest" time="0.002">
    <system-out><![CDATA[[0, 1, 2, 3, 4, 5, 6, 7, 8, 9, 10, 11, 12, 13, 14, 15]
[-119, -49, 47, 71, 124, 119, -82, -69, 102, 21, 36, -27, 86, 30, 12, -78]
[0, 1, 2, 3, 4, 5, 6, 7, 8, 9, 10, 11, 12, 13, 14, 15]
[-119, -49, 47, 71, 124, 119, -82, -69, 102, 21, 36, -27, 86, 30, 12, -78]
[0, 1, 2, 3, 4, 5, 6, 7, 8, 9, 10, 11, 12, 13, 14, 16]
[-41, 34, 9, 40, -34, 29, 85, -30, -105, -95, -87, 107, -101, -128, -86, 11]
]]></system-out>
  </testcase>
  <testcase name="shiftArrayLeftTest" classname="kryptografia.AESTest" time="0.001">
    <system-out><![CDATA[[1, 2, 3, 0]
[2, 3, 0, 1]
[3, 0, 1, 2]
]]></system-out>
  </testcase>
  <testcase name="encodeDecodeTest" classname="kryptografia.AESTest" time="0.004">
    <system-out><![CDATA[[49, 50, 51]
[-104, 19, 6, -74, -6, -123, 13, -8, 93, -47, 106, -116, 95, -94, -83, 33]
[49, 50, 51]
]]></system-out>
  </testcase>
</testsuite>